<?xml version="1.0" encoding="UTF-8"?>
<!-- Generated by org.testng.reporters.JUnitReportReporter -->
<testsuite hostname="DESKTOP-A9M5T6P" failures="0" tests="1" name="tests.ThreeTest" time="8.714" errors="0" timestamp="2024-02-13T13:44:37 IST" skipped="0">
  <testcase classname="tests.ThreeTest" name="threeTest" time="8.714"/>
</testsuite> <!-- tests.ThreeTest -->
