<?xml version="1.0" encoding="UTF-8"?>
<!-- Generated by org.testng.reporters.JUnitReportReporter -->
<testsuite hostname="DESKTOP-A9M5T6P" failures="0" tests="1" name="tests.TwoTest" time="5.746" errors="0" timestamp="2024-01-15T19:36:09 IST" skipped="0">
  <testcase classname="tests.TwoTest" name="twoTest" time="5.746"/>
</testsuite> <!-- tests.TwoTest -->
