<?xml version="1.0" encoding="UTF-8"?>
<!-- Generated by org.testng.reporters.JUnitReportReporter -->
<testsuite hostname="DESKTOP-A9M5T6P" failures="0" tests="2" name="tests.LoginTest" time="22.485" errors="0" timestamp="2024-01-15T19:36:09 IST" skipped="0">
  <testcase classname="tests.LoginTest" name="login" time="17.301"/>
  <testcase classname="tests.LoginTest" name="login" time="5.184"/>
</testsuite> <!-- tests.LoginTest -->
